Name          Stmts   Miss  Cover   Missing
-------------------------------------------
rpn.py           24     19    21%   14-28, 31-33, 36
test_rpn.py      15      8    47%   7-8, 10-11, 13-14, 16-17
-------------------------------------------
TOTAL            39     27    31%
Name          Stmts   Miss  Cover   Missing
-------------------------------------------
rpn.py           24     19    21%   14-28, 31-33, 36
test_rpn.py      15      8    47%   7-8, 10-11, 13-14, 16-17
-------------------------------------------
TOTAL            39     27    31%
